2026-05-21T09:58:22.184+01:00  INFO 17556 --- [scolarite-service] [           main] o.s.c.c.c.ConfigServerConfigDataLoader   : Fetching config from server at : http://localhost:5555
2026-05-21T09:58:22.190+01:00  INFO 17556 --- [scolarite-service] [           main] o.s.c.c.c.ConfigServerConfigDataLoader   : Located environment: name=scolarite-service, profiles=[default], label=null, version=d75fea23b6d3ac8a574486cda6039a0660981411, state=null

  .   ____          _            __ _ _
 /\\ / ___'_ __ _ _(_)_ __  __ _ \ \ \ \
( ( )\___ | '_ | '_| | '_ \/ _` | \ \ \ \
 \\/  ___)| |_)| | | | | || (_| |  ) ) ) )
  '  |____| .__|_| |_|_| |_\__, | / / / /
 =========|_|==============|___/=/_/_/_/

 :: Spring Boot ::                (v3.3.2)

2026-05-21T09:58:23.086+01:00  INFO 17556 --- [scolarite-service] [           main] c.c.c.ConfigServicePropertySourceLocator : Fetching config from server at : http://localhost:5555
2026-05-21T09:58:23.137+01:00  INFO 17556 --- [scolarite-service] [           main] c.c.c.ConfigServicePropertySourceLocator : Located environment: name=scolarite-service, profiles=[default], label=null, version=d75fea23b6d3ac8a574486cda6039a0660981411, state=null
2026-05-21T09:58:23.139+01:00  INFO 17556 --- [scolarite-service] [           main] b.c.PropertySourceBootstrapConfiguration : Located property source: [BootstrapPropertySource {name='bootstrapProperties-configClient'}, BootstrapPropertySource {name='bootstrapProperties-file://C:\Users\firas/cloud-conf-stages/scolarite-service.properties'}, BootstrapPropertySource {name='bootstrapProperties-file://C:\Users\firas/cloud-conf-stages/application.properties'}]
2026-05-21T09:58:23.153+01:00  INFO 17556 --- [scolarite-service] [           main] o.m.s.s.ScolariteServiceApplication      : No active profile set, falling back to 1 default profile: "default"
2026-05-21T09:58:23.178+01:00  INFO 17556 --- [scolarite-service] [           main] o.s.c.c.c.ConfigServerConfigDataLoader   : Fetching config from server at : http://localhost:5555
2026-05-21T09:58:23.179+01:00  INFO 17556 --- [scolarite-service] [           main] o.s.c.c.c.ConfigServerConfigDataLoader   : Located environment: name=scolarite-service, profiles=[default], label=null, version=d75fea23b6d3ac8a574486cda6039a0660981411, state=null
2026-05-21T09:58:25.340+01:00  INFO 17556 --- [scolarite-service] [           main] o.s.cloud.context.scope.GenericScope     : BeanFactory id=39b371e9-352c-34c4-bc40-3bb6860e7a33
2026-05-21T09:58:25.395+01:00  WARN 17556 --- [scolarite-service] [           main] trationDelegate$BeanPostProcessorChecker : Bean 'org.springframework.cloud.client.loadbalancer.LoadBalancerAutoConfiguration$DeferringLoadBalancerInterceptorConfig' of type [org.springframework.cloud.client.loadbalancer.LoadBalancerAutoConfiguration$DeferringLoadBalancerInterceptorConfig] is not eligible for getting processed by all BeanPostProcessors (for example: not eligible for auto-proxying). The currently created BeanPostProcessor [lbRestClientPostProcessor] is declared through a non-static factory method on that class; consider declaring it as static instead.
2026-05-21T09:58:25.399+01:00  WARN 17556 --- [scolarite-service] [           main] trationDelegate$BeanPostProcessorChecker : Bean 'deferringLoadBalancerInterceptor' of type [org.springframework.cloud.client.loadbalancer.DeferringLoadBalancerInterceptor] is not eligible for getting processed by all BeanPostProcessors (for example: not eligible for auto-proxying). Is this bean getting eagerly injected into a currently created BeanPostProcessor [lbRestClientPostProcessor]? Check the corresponding BeanPostProcessor declaration and its dependencies.
2026-05-21T09:58:25.885+01:00  INFO 17556 --- [scolarite-service] [           main] o.s.b.w.embedded.tomcat.TomcatWebServer  : Tomcat initialized with port 8081 (http)
2026-05-21T09:58:25.890+01:00  INFO 17556 --- [scolarite-service] [           main] o.a.catalina.core.AprLifecycleListener   : An older version [1.3.0] of the Apache Tomcat Native library is installed, while Tomcat recommends a minimum version of [2.0.5]
2026-05-21T09:58:25.892+01:00  INFO 17556 --- [scolarite-service] [           main] o.a.catalina.core.AprLifecycleListener   : Loaded Apache Tomcat Native library [1.3.0] using APR version [1.7.4].
2026-05-21T09:58:25.897+01:00  INFO 17556 --- [scolarite-service] [           main] o.a.catalina.core.AprLifecycleListener   : OpenSSL successfully initialized [OpenSSL 3.0.13 30 Jan 2024]
2026-05-21T09:58:25.912+01:00  INFO 17556 --- [scolarite-service] [           main] o.apache.catalina.core.StandardService   : Starting service [Tomcat]
2026-05-21T09:58:25.913+01:00  INFO 17556 --- [scolarite-service] [           main] o.apache.catalina.core.StandardEngine    : Starting Servlet engine: [Apache Tomcat/10.1.26]
2026-05-21T09:58:25.974+01:00  INFO 17556 --- [scolarite-service] [           main] o.a.c.c.C.[Tomcat].[localhost].[/]       : Initializing Spring embedded WebApplicationContext
2026-05-21T09:58:25.976+01:00  INFO 17556 --- [scolarite-service] [           main] w.s.c.ServletWebServerApplicationContext : Root WebApplicationContext: initialization completed in 2795 ms
2026-05-21T09:58:26.823+01:00  INFO 17556 --- [scolarite-service] [           main] o.s.c.openfeign.FeignClientFactoryBean   : For 'stage-service' URL not provided. Will try picking an instance via load-balancing.
2026-05-21T09:58:26.933+01:00  INFO 17556 --- [scolarite-service] [           main] o.s.c.openfeign.FeignClientFactoryBean   : For 'etudiant-service' URL not provided. Will try picking an instance via load-balancing.
2026-05-21T09:58:26.969+01:00  INFO 17556 --- [scolarite-service] [           main] o.s.c.openfeign.FeignClientFactoryBean   : For 'enseignant-service' URL not provided. Will try picking an instance via load-balancing.
2026-05-21T09:58:27.022+01:00  INFO 17556 --- [scolarite-service] [           main] o.s.b.a.w.s.WelcomePageHandlerMapping    : Adding welcome page: class path resource [static/index.html]
2026-05-21T09:58:28.409+01:00  INFO 17556 --- [scolarite-service] [           main] DiscoveryClientOptionalArgsConfiguration : Eureka HTTP Client uses RestTemplate.
2026-05-21T09:58:28.472+01:00  WARN 17556 --- [scolarite-service] [           main] iguration$LoadBalancerCaffeineWarnLogger : Spring Cloud LoadBalancer is currently working with the default cache. While this cache implementation is useful for development and tests, it's recommended to use Caffeine cache in production.You can switch to using Caffeine cache, by adding it and org.springframework.cache.caffeine.CaffeineCacheManager to the classpath.
2026-05-21T09:58:28.501+01:00  INFO 17556 --- [scolarite-service] [           main] o.s.b.a.e.web.EndpointLinksResolver      : Exposing 17 endpoints beneath base path '/actuator'
2026-05-21T09:58:28.609+01:00  INFO 17556 --- [scolarite-service] [           main] o.s.c.n.eureka.InstanceInfoFactory       : Setting initial instance status as: STARTING
2026-05-21T09:58:28.659+01:00  INFO 17556 --- [scolarite-service] [           main] com.netflix.discovery.DiscoveryClient    : Initializing Eureka in region us-east-1
2026-05-21T09:58:28.673+01:00  INFO 17556 --- [scolarite-service] [           main] c.n.d.s.r.aws.ConfigClusterResolver      : Resolving eureka endpoints via configuration
2026-05-21T09:58:28.694+01:00  INFO 17556 --- [scolarite-service] [           main] com.netflix.discovery.DiscoveryClient    : Disable delta property : false
2026-05-21T09:58:28.695+01:00  INFO 17556 --- [scolarite-service] [           main] com.netflix.discovery.DiscoveryClient    : Single vip registry refresh property : null
2026-05-21T09:58:28.695+01:00  INFO 17556 --- [scolarite-service] [           main] com.netflix.discovery.DiscoveryClient    : Force full registry fetch : false
2026-05-21T09:58:28.695+01:00  INFO 17556 --- [scolarite-service] [           main] com.netflix.discovery.DiscoveryClient    : Application is null : false
2026-05-21T09:58:28.696+01:00  INFO 17556 --- [scolarite-service] [           main] com.netflix.discovery.DiscoveryClient    : Registered Applications size is zero : true
2026-05-21T09:58:28.696+01:00  INFO 17556 --- [scolarite-service] [           main] com.netflix.discovery.DiscoveryClient    : Application version is -1: true
2026-05-21T09:58:28.699+01:00  INFO 17556 --- [scolarite-service] [           main] com.netflix.discovery.DiscoveryClient    : Getting all instance registry info from the eureka server
2026-05-21T09:58:29.355+01:00  INFO 17556 --- [scolarite-service] [           main] com.netflix.discovery.DiscoveryClient    : The response status is 200
2026-05-21T09:58:29.362+01:00  INFO 17556 --- [scolarite-service] [           main] com.netflix.discovery.DiscoveryClient    : Starting heartbeat executor: renew interval is: 30
2026-05-21T09:58:29.366+01:00  INFO 17556 --- [scolarite-service] [           main] c.n.discovery.InstanceInfoReplicator     : InstanceInfoReplicator onDemand update allowed rate per min is 4
2026-05-21T09:58:29.373+01:00  INFO 17556 --- [scolarite-service] [           main] com.netflix.discovery.DiscoveryClient    : Discovery Client initialized at timestamp 1779353909372 with initial instances count: 5
2026-05-21T09:58:29.379+01:00  INFO 17556 --- [scolarite-service] [           main] o.s.c.n.e.s.EurekaServiceRegistry        : Registering application SCOLARITE-SERVICE with eureka with status UP
2026-05-21T09:58:29.380+01:00  INFO 17556 --- [scolarite-service] [           main] com.netflix.discovery.DiscoveryClient    : Saw local status change event StatusChangeEvent [timestamp=1779353909380, current=UP, previous=STARTING]
2026-05-21T09:58:29.388+01:00  INFO 17556 --- [scolarite-service] [foReplicator-%d] com.netflix.discovery.DiscoveryClient    : DiscoveryClient_SCOLARITE-SERVICE/Lenovo:scolarite-service:8081: registering service...
2026-05-21T09:58:29.431+01:00  INFO 17556 --- [scolarite-service] [           main] o.s.b.w.embedded.tomcat.TomcatWebServer  : Tomcat started on port 8081 (http) with context path '/'
2026-05-21T09:58:29.435+01:00  INFO 17556 --- [scolarite-service] [           main] .s.c.n.e.s.EurekaAutoServiceRegistration : Updating port to 8081
2026-05-21T09:58:29.610+01:00  INFO 17556 --- [scolarite-service] [foReplicator-%d] com.netflix.discovery.DiscoveryClient    : DiscoveryClient_SCOLARITE-SERVICE/Lenovo:scolarite-service:8081 - registration status: 204
2026-05-21T09:58:29.958+01:00  INFO 17556 --- [scolarite-service] [           main] o.m.s.s.ScolariteServiceApplication      : Started ScolariteServiceApplication in 9.842 seconds (process running for 10.704)
2026-05-21T09:58:34.386+01:00  INFO 17556 --- [scolarite-service] [nio-8081-exec-1] o.a.c.c.C.[Tomcat].[localhost].[/]       : Initializing Spring DispatcherServlet 'dispatcherServlet'
2026-05-21T09:58:34.389+01:00  INFO 17556 --- [scolarite-service] [nio-8081-exec-1] o.s.web.servlet.DispatcherServlet        : Initializing Servlet 'dispatcherServlet'
2026-05-21T09:58:34.392+01:00  INFO 17556 --- [scolarite-service] [nio-8081-exec-1] o.s.web.servlet.DispatcherServlet        : Completed initialization in 2 ms
2026-05-21T10:03:28.712+01:00  INFO 17556 --- [scolarite-service] [rap-executor-%d] c.n.d.s.r.aws.ConfigClusterResolver      : Resolving eureka endpoints via configuration
2026-05-21T10:08:28.720+01:00  INFO 17556 --- [scolarite-service] [rap-executor-%d] c.n.d.s.r.aws.ConfigClusterResolver      : Resolving eureka endpoints via configuration
2026-05-21T10:13:28.732+01:00  INFO 17556 --- [scolarite-service] [rap-executor-%d] c.n.d.s.r.aws.ConfigClusterResolver      : Resolving eureka endpoints via configuration
2026-05-21T10:18:28.738+01:00  INFO 17556 --- [scolarite-service] [rap-executor-%d] c.n.d.s.r.aws.ConfigClusterResolver      : Resolving eureka endpoints via configuration
